WARNING: Use "yarn jar" to launch YARN applications.
Started main
22/04/22 12:02:55 INFO client.RMProxy: Connecting to ResourceManager at horton.hpc.nyu.edu/10.32.35.134:8032
22/04/22 12:02:55 WARN mapreduce.JobResourceUploader: Hadoop command-line option parsing not performed. Implement the Tool interface and execute your application with ToolRunner to remedy this.
22/04/22 12:02:55 INFO mapreduce.JobResourceUploader: Disabling Erasure Coding for path: /user/av2783/.staging/job_1648648882306_28887
22/04/22 12:02:56 INFO input.FileInputFormat: Total input files to process : 1
22/04/22 12:02:56 INFO mapreduce.JobSubmitter: number of splits:1
22/04/22 12:02:56 INFO Configuration.deprecation: yarn.resourcemanager.system-metrics-publisher.enabled is deprecated. Instead, use yarn.system-metrics-publisher.enabled
22/04/22 12:02:56 INFO mapreduce.JobSubmitter: Submitting tokens for job: job_1648648882306_28887
22/04/22 12:02:56 INFO mapreduce.JobSubmitter: Executing with tokens: []
22/04/22 12:02:56 INFO conf.Configuration: resource-types.xml not found
22/04/22 12:02:56 INFO resource.ResourceUtils: Unable to find 'resource-types.xml'.
22/04/22 12:02:56 INFO impl.YarnClientImpl: Submitted application application_1648648882306_28887
22/04/22 12:02:56 INFO mapreduce.Job: The url to track the job: http://horton.hpc.nyu.edu:8088/proxy/application_1648648882306_28887/
22/04/22 12:02:56 INFO mapreduce.Job: Running job: job_1648648882306_28887
22/04/22 12:03:01 INFO mapreduce.Job: Job job_1648648882306_28887 running in uber mode : false
22/04/22 12:03:01 INFO mapreduce.Job:  map 0% reduce 0%
22/04/22 12:03:05 INFO mapreduce.Job:  map 100% reduce 0%
22/04/22 12:03:10 INFO mapreduce.Job:  map 100% reduce 100%
22/04/22 12:03:10 INFO mapreduce.Job: Job job_1648648882306_28887 completed successfully
22/04/22 12:03:10 INFO mapreduce.Job: Counters: 54
	File System Counters
		FILE: Number of bytes read=7928
		FILE: Number of bytes written=458445
		FILE: Number of read operations=0
		FILE: Number of large read operations=0
		FILE: Number of write operations=0
		HDFS: Number of bytes read=5687334
		HDFS: Number of bytes written=245
		HDFS: Number of read operations=8
		HDFS: Number of large read operations=0
		HDFS: Number of write operations=2
		HDFS: Number of bytes read erasure-coded=0
	Job Counters
		Launched map tasks=1
		Launched reduce tasks=1
		Rack-local map tasks=1
		Total time spent by all maps in occupied slots (ms)=9328
		Total time spent by all reduces in occupied slots (ms)=12858
		Total time spent by all map tasks (ms)=2332
		Total time spent by all reduce tasks (ms)=2143
		Total vcore-milliseconds taken by all map tasks=2332
		Total vcore-milliseconds taken by all reduce tasks=2143
		Total megabyte-milliseconds taken by all map tasks=9551872
		Total megabyte-milliseconds taken by all reduce tasks=13166592
	Map-Reduce Framework
		Map input records=4806
		Map output records=12152
		Map output bytes=137452
		Map output materialized bytes=7924
		Input split bytes=144
		Combine input records=0
		Combine output records=0
		Reduce input groups=20
		Reduce shuffle bytes=7924
		Reduce input records=12152
		Reduce output records=20
		Spilled Records=24304
		Shuffled Maps =1
		Failed Shuffles=0
		Merged Map outputs=1
		GC time elapsed (ms)=78
		CPU time spent (ms)=2390
		Physical memory (bytes) snapshot=1087868928
		Virtual memory (bytes) snapshot=7436931072
		Total committed heap usage (bytes)=2322071552
		Peak Map Physical memory (bytes)=697638912
		Peak Map Virtual memory (bytes)=3711909888
		Peak Reduce Physical memory (bytes)=390230016
		Peak Reduce Virtual memory (bytes)=3725021184
	Shuffle Errors
		BAD_ID=0
		CONNECTION=0
		IO_ERROR=0
		WRONG_LENGTH=0
		WRONG_MAP=0
		WRONG_REDUCE=0
	File Input Format Counters
		Bytes Read=5687190
	File Output Format Counters
		Bytes Written=245
