WARNING: Use "yarn jar" to launch YARN applications.
Started main
22/04/22 11:59:05 INFO client.RMProxy: Connecting to ResourceManager at horton.hpc.nyu.edu/10.32.35.134:8032
22/04/22 11:59:05 WARN mapreduce.JobResourceUploader: Hadoop command-line option parsing not performed. Implement the Tool interface and execute your application with ToolRunner to remedy this.
22/04/22 11:59:05 INFO mapreduce.JobResourceUploader: Disabling Erasure Coding for path: /user/av2783/.staging/job_1648648882306_28883
22/04/22 11:59:05 INFO input.FileInputFormat: Total input files to process : 1
22/04/22 11:59:05 INFO mapreduce.JobSubmitter: number of splits:1
22/04/22 11:59:05 INFO Configuration.deprecation: yarn.resourcemanager.system-metrics-publisher.enabled is deprecated. Instead, use yarn.system-metrics-publisher.enabled
22/04/22 11:59:06 INFO mapreduce.JobSubmitter: Submitting tokens for job: job_1648648882306_28883
22/04/22 11:59:06 INFO mapreduce.JobSubmitter: Executing with tokens: []
22/04/22 11:59:06 INFO conf.Configuration: resource-types.xml not found
22/04/22 11:59:06 INFO resource.ResourceUtils: Unable to find 'resource-types.xml'.
22/04/22 11:59:06 INFO impl.YarnClientImpl: Submitted application application_1648648882306_28883
22/04/22 11:59:06 INFO mapreduce.Job: The url to track the job: http://horton.hpc.nyu.edu:8088/proxy/application_1648648882306_28883/
22/04/22 11:59:06 INFO mapreduce.Job: Running job: job_1648648882306_28883
22/04/22 11:59:11 INFO mapreduce.Job: Job job_1648648882306_28883 running in uber mode : false
22/04/22 11:59:11 INFO mapreduce.Job:  map 0% reduce 0%
22/04/22 11:59:15 INFO mapreduce.Job:  map 100% reduce 0%
22/04/22 11:59:15 INFO mapreduce.Job: Job job_1648648882306_28883 completed successfully
22/04/22 11:59:15 INFO mapreduce.Job: Counters: 33
	File System Counters
		FILE: Number of bytes read=0
		FILE: Number of bytes written=220838
		FILE: Number of read operations=0
		FILE: Number of large read operations=0
		FILE: Number of write operations=0
		HDFS: Number of bytes read=372006
		HDFS: Number of bytes written=365843
		HDFS: Number of read operations=7
		HDFS: Number of large read operations=0
		HDFS: Number of write operations=2
		HDFS: Number of bytes read erasure-coded=0
	Job Counters
		Launched map tasks=1
		Rack-local map tasks=1
		Total time spent by all maps in occupied slots (ms)=7524
		Total time spent by all reduces in occupied slots (ms)=0
		Total time spent by all map tasks (ms)=1881
		Total vcore-milliseconds taken by all map tasks=1881
		Total megabyte-milliseconds taken by all map tasks=7704576
	Map-Reduce Framework
		Map input records=4800
		Map output records=4704
		Input split bytes=156
		Spilled Records=0
		Failed Shuffles=0
		Merged Map outputs=0
		GC time elapsed (ms)=37
		CPU time spent (ms)=610
		Physical memory (bytes) snapshot=372932608
		Virtual memory (bytes) snapshot=3709415424
		Total committed heap usage (bytes)=1184366592
		Peak Map Physical memory (bytes)=372932608
		Peak Map Virtual memory (bytes)=3709415424
	File Input Format Counters
		Bytes Read=371850
	File Output Format Counters
		Bytes Written=365843
