WARNING: Use "yarn jar" to launch YARN applications.
Started main
22/04/22 22:16:20 INFO client.RMProxy: Connecting to ResourceManager at horton.hpc.nyu.edu/10.32.35.134:8032
22/04/22 22:16:21 WARN mapreduce.JobResourceUploader: Hadoop command-line option parsing not performed. Implement the Tool interface and execute your application with ToolRunner to remedy this.
22/04/22 22:16:21 INFO mapreduce.JobResourceUploader: Disabling Erasure Coding for path: /user/ij2056/.staging/job_1648648882306_29936
22/04/22 22:16:21 INFO input.FileInputFormat: Total input files to process : 1
22/04/22 22:16:21 INFO mapreduce.JobSubmitter: number of splits:1
22/04/22 22:16:21 INFO Configuration.deprecation: yarn.resourcemanager.system-metrics-publisher.enabled is deprecated. Instead, use yarn.system-metrics-publisher.enabled
22/04/22 22:16:22 INFO mapreduce.JobSubmitter: Submitting tokens for job: job_1648648882306_29936
22/04/22 22:16:22 INFO mapreduce.JobSubmitter: Executing with tokens: []
22/04/22 22:16:22 INFO conf.Configuration: resource-types.xml not found
22/04/22 22:16:22 INFO resource.ResourceUtils: Unable to find 'resource-types.xml'.
22/04/22 22:16:22 INFO impl.YarnClientImpl: Submitted application application_1648648882306_29936
22/04/22 22:16:22 INFO mapreduce.Job: The url to track the job: http://horton.hpc.nyu.edu:8088/proxy/application_1648648882306_29936/
22/04/22 22:16:22 INFO mapreduce.Job: Running job: job_1648648882306_29936
22/04/22 22:16:30 INFO mapreduce.Job: Job job_1648648882306_29936 running in uber mode : false
22/04/22 22:16:30 INFO mapreduce.Job:  map 0% reduce 0%
22/04/22 22:16:46 INFO mapreduce.Job:  map 23% reduce 0%
22/04/22 22:16:52 INFO mapreduce.Job:  map 39% reduce 0%
22/04/22 22:16:58 INFO mapreduce.Job:  map 55% reduce 0%
22/04/22 22:17:04 INFO mapreduce.Job:  map 74% reduce 0%
22/04/22 22:17:10 INFO mapreduce.Job:  map 86% reduce 0%
22/04/22 22:17:14 INFO mapreduce.Job:  map 100% reduce 0%
22/04/22 22:17:23 INFO mapreduce.Job: Job job_1648648882306_29936 completed successfully
22/04/22 22:17:24 INFO mapreduce.Job: Counters: 40
	File System Counters
		FILE: Number of bytes read=0
		FILE: Number of bytes written=220975
		FILE: Number of read operations=0
		FILE: Number of large read operations=0
		FILE: Number of write operations=0
		HDFS: Number of bytes read=17308436
		HDFS: Number of bytes written=0
		HDFS: Number of read operations=7
		HDFS: Number of large read operations=0
		HDFS: Number of write operations=2
		HDFS: Number of bytes read erasure-coded=0
	Job Counters 
		Launched map tasks=1
		Rack-local map tasks=1
		Total time spent by all maps in occupied slots (ms)=167556
		Total time spent by all reduces in occupied slots (ms)=0
		Total time spent by all map tasks (ms)=41889
		Total vcore-milliseconds taken by all map tasks=41889
		Total megabyte-milliseconds taken by all map tasks=171577344
	Map-Reduce Framework
		Map input records=225675
		Map output records=0
		Input split bytes=141
		Spilled Records=0
		Failed Shuffles=0
		Merged Map outputs=0
		GC time elapsed (ms)=102
		CPU time spent (ms)=3560
		Physical memory (bytes) snapshot=591220736
		Virtual memory (bytes) snapshot=3724800000
		Total committed heap usage (bytes)=1118830592
		Peak Map Physical memory (bytes)=591220736
		Peak Map Virtual memory (bytes)=3724800000
	AwardCeremony
		NOT_NULL=225675
	AwardYear
		NOT_NULL=225675
	DirectorName
		DUPLICATE=196177
		NOT_NULL=225675
		UNIQUE=29498
	Outcome
		NOT_NULL=225675
	Rows
		ROW_COUNT=225675
	File Input Format Counters 
		Bytes Read=17308295
	File Output Format Counters 
		Bytes Written=0
