WARNING: Use "yarn jar" to launch YARN applications.
Started main
22/04/22 21:56:10 INFO client.RMProxy: Connecting to ResourceManager at horton.hpc.nyu.edu/10.32.35.134:8032
22/04/22 21:56:10 WARN mapreduce.JobResourceUploader: Hadoop command-line option parsing not performed. Implement the Tool interface and execute your application with ToolRunner to remedy this.
22/04/22 21:56:10 INFO mapreduce.JobResourceUploader: Disabling Erasure Coding for path: /user/ij2056/.staging/job_1648648882306_29899
22/04/22 21:56:10 INFO input.FileInputFormat: Total input files to process : 1
22/04/22 21:56:10 INFO mapreduce.JobSubmitter: number of splits:1
22/04/22 21:56:10 INFO Configuration.deprecation: yarn.resourcemanager.system-metrics-publisher.enabled is deprecated. Instead, use yarn.system-metrics-publisher.enabled
22/04/22 21:56:11 INFO mapreduce.JobSubmitter: Submitting tokens for job: job_1648648882306_29899
22/04/22 21:56:11 INFO mapreduce.JobSubmitter: Executing with tokens: []
22/04/22 21:56:11 INFO conf.Configuration: resource-types.xml not found
22/04/22 21:56:11 INFO resource.ResourceUtils: Unable to find 'resource-types.xml'.
22/04/22 21:56:11 INFO impl.YarnClientImpl: Submitted application application_1648648882306_29899
22/04/22 21:56:11 INFO mapreduce.Job: The url to track the job: http://horton.hpc.nyu.edu:8088/proxy/application_1648648882306_29899/
22/04/22 21:56:11 INFO mapreduce.Job: Running job: job_1648648882306_29899
22/04/22 21:56:16 INFO mapreduce.Job: Job job_1648648882306_29899 running in uber mode : false
22/04/22 21:56:16 INFO mapreduce.Job:  map 0% reduce 0%
22/04/22 21:56:21 INFO mapreduce.Job:  map 100% reduce 0%
22/04/22 21:56:21 INFO mapreduce.Job: Job job_1648648882306_29899 completed successfully
22/04/22 21:56:21 INFO mapreduce.Job: Counters: 39
	File System Counters
		FILE: Number of bytes read=0
		FILE: Number of bytes written=220975
		FILE: Number of read operations=0
		FILE: Number of large read operations=0
		FILE: Number of write operations=0
		HDFS: Number of bytes read=11947233
		HDFS: Number of bytes written=0
		HDFS: Number of read operations=7
		HDFS: Number of large read operations=0
		HDFS: Number of write operations=2
		HDFS: Number of bytes read erasure-coded=0
	Job Counters
		Launched map tasks=1
		Rack-local map tasks=1
		Total time spent by all maps in occupied slots (ms)=9432
		Total time spent by all reduces in occupied slots (ms)=0
		Total time spent by all map tasks (ms)=2358
		Total vcore-milliseconds taken by all map tasks=2358
		Total megabyte-milliseconds taken by all map tasks=9658368
	Map-Reduce Framework
		Map input records=893
		Map output records=0
		Input split bytes=147
		Spilled Records=0
		Failed Shuffles=0
		Merged Map outputs=0
		GC time elapsed (ms)=50
		CPU time spent (ms)=1050
		Physical memory (bytes) snapshot=570331136
		Virtual memory (bytes) snapshot=3707965440
		Total committed heap usage (bytes)=1149763584
		Peak Map Physical memory (bytes)=570331136
		Peak Map Virtual memory (bytes)=3707965440
	DirectorName
		NOT_NULL=893
		UNIQUE=893
	Rows
		ROW_COUNT=893
	TotalAwards
		NOT_NULL=893
	File Input Format Counters
		Bytes Read=11947086
	File Output Format Counters
		Bytes Written=0
	tmdbID
		NOT_NULL=893
		UNIQUE=893
