WARNING: Use "yarn jar" to launch YARN applications.
Started main
22/04/22 11:45:28 INFO client.RMProxy: Connecting to ResourceManager at horton.hpc.nyu.edu/10.32.35.134:8032
22/04/22 11:45:28 WARN mapreduce.JobResourceUploader: Hadoop command-line option parsing not performed. Implement the Tool interface and execute your application with ToolRunner to remedy this.
22/04/22 11:45:28 INFO mapreduce.JobResourceUploader: Disabling Erasure Coding for path: /user/av2783/.staging/job_1648648882306_28864
22/04/22 11:45:28 INFO input.FileInputFormat: Total input files to process : 1
22/04/22 11:46:39 INFO hdfs.DataStreamer: Exception in createBlockOutputStream blk_1223232349_149505865
java.io.IOException: Got error, status=ERROR, status message , ack with firstBadLink as 10.32.35.140:9866
	at org.apache.hadoop.hdfs.protocol.datatransfer.DataTransferProtoUtil.checkBlockOpStatus(DataTransferProtoUtil.java:134)
	at org.apache.hadoop.hdfs.protocol.datatransfer.DataTransferProtoUtil.checkBlockOpStatus(DataTransferProtoUtil.java:110)
	at org.apache.hadoop.hdfs.DataStreamer.createBlockOutputStream(DataStreamer.java:1778)
	at org.apache.hadoop.hdfs.DataStreamer.nextBlockOutputStream(DataStreamer.java:1679)
	at org.apache.hadoop.hdfs.DataStreamer.run(DataStreamer.java:716)
22/04/22 11:46:39 WARN hdfs.DataStreamer: Abandoning BP-560659664-10.32.35.134-1610751641102:blk_1223232349_149505865
22/04/22 11:46:39 WARN hdfs.DataStreamer: Excluding datanode DatanodeInfoWithStorage[10.32.35.140:9866,DS-14a5fc09-112e-43c1-a867-cf595c70903f,DISK]
22/04/22 11:46:39 WARN hdfs.DataStreamer: Slow waitForAckedSeqno took 70160ms (threshold=30000ms). File being written: /user/av2783/.staging/job_1648648882306_28864/job.split, block: BP-560659664-10.32.35.134-1610751641102:blk_1223232362_149505878, Write pipeline datanodes: [DatanodeInfoWithStorage[10.32.35.152:9866,DS-13504186-e139-4b7f-8d9e-bf0d5c706bba,DISK], DatanodeInfoWithStorage[10.32.35.153:9866,DS-c8b47855-4b93-4c50-a3b9-4f92fc7c988a,DISK], DatanodeInfoWithStorage[10.32.35.141:9866,DS-2c765c69-c999-4341-889c-d36e4494e48c,DISK], DatanodeInfoWithStorage[10.32.35.146:9866,DS-cd9f354b-78b6-468e-bdac-5c8ab97d8bb6,DISK]].
22/04/22 11:46:39 INFO mapreduce.JobSubmitter: number of splits:1
22/04/22 11:46:39 INFO Configuration.deprecation: yarn.resourcemanager.system-metrics-publisher.enabled is deprecated. Instead, use yarn.system-metrics-publisher.enabled
22/04/22 11:46:39 INFO mapreduce.JobSubmitter: Submitting tokens for job: job_1648648882306_28864
22/04/22 11:46:39 INFO mapreduce.JobSubmitter: Executing with tokens: []
22/04/22 11:46:39 INFO conf.Configuration: resource-types.xml not found
22/04/22 11:46:39 INFO resource.ResourceUtils: Unable to find 'resource-types.xml'.
22/04/22 11:46:39 INFO impl.YarnClientImpl: Submitted application application_1648648882306_28864
22/04/22 11:46:39 INFO mapreduce.Job: The url to track the job: http://horton.hpc.nyu.edu:8088/proxy/application_1648648882306_28864/
22/04/22 11:46:39 INFO mapreduce.Job: Running job: job_1648648882306_28864
22/04/22 11:46:44 INFO mapreduce.Job: Job job_1648648882306_28864 running in uber mode : false
22/04/22 11:46:44 INFO mapreduce.Job:  map 0% reduce 0%
22/04/22 11:46:49 INFO mapreduce.Job:  map 100% reduce 0%
22/04/22 11:46:54 INFO mapreduce.Job:  map 100% reduce 100%
22/04/22 11:47:15 INFO mapreduce.Job: Job job_1648648882306_28864 completed successfully
22/04/22 11:47:15 INFO mapreduce.Job: Counters: 54
	File System Counters
		FILE: Number of bytes read=1092523
		FILE: Number of bytes written=2627619
		FILE: Number of read operations=0
		FILE: Number of large read operations=0
		FILE: Number of write operations=0
		HDFS: Number of bytes read=46137245
		HDFS: Number of bytes written=1156575
		HDFS: Number of read operations=8
		HDFS: Number of large read operations=0
		HDFS: Number of write operations=2
		HDFS: Number of bytes read erasure-coded=0
	Job Counters
		Launched map tasks=1
		Launched reduce tasks=1
		Rack-local map tasks=1
		Total time spent by all maps in occupied slots (ms)=13912
		Total time spent by all reduces in occupied slots (ms)=12006
		Total time spent by all map tasks (ms)=3478
		Total time spent by all reduce tasks (ms)=2001
		Total vcore-milliseconds taken by all map tasks=3478
		Total vcore-milliseconds taken by all reduce tasks=2001
		Total megabyte-milliseconds taken by all map tasks=14245888
		Total megabyte-milliseconds taken by all reduce tasks=12294144
	Map-Reduce Framework
		Map input records=4813
		Map output records=105404
		Map output bytes=2185007
		Map output materialized bytes=1092519
		Input split bytes=145
		Combine input records=0
		Combine output records=0
		Reduce input groups=53975
		Reduce shuffle bytes=1092519
		Reduce input records=105404
		Reduce output records=53975
		Spilled Records=210808
		Shuffled Maps =1
		Failed Shuffles=0
		Merged Map outputs=1
		GC time elapsed (ms)=128
		CPU time spent (ms)=4800
		Physical memory (bytes) snapshot=1271308288
		Virtual memory (bytes) snapshot=7446683648
		Total committed heap usage (bytes)=2249719808
		Peak Map Physical memory (bytes)=846479360
		Peak Map Virtual memory (bytes)=3712356352
		Peak Reduce Physical memory (bytes)=424828928
		Peak Reduce Virtual memory (bytes)=3734327296
	Shuffle Errors
		BAD_ID=0
		CONNECTION=0
		IO_ERROR=0
		WRONG_LENGTH=0
		WRONG_MAP=0
		WRONG_REDUCE=0
	File Input Format Counters
		Bytes Read=46137100
	File Output Format Counters
		Bytes Written=1156575
