WARNING: Use "yarn jar" to launch YARN applications.
Started main
22/04/22 11:52:26 INFO client.RMProxy: Connecting to ResourceManager at horton.hpc.nyu.edu/10.32.35.134:8032
22/04/22 11:52:27 WARN mapreduce.JobResourceUploader: Hadoop command-line option parsing not performed. Implement the Tool interface and execute your application with ToolRunner to remedy this.
22/04/22 11:52:27 INFO mapreduce.JobResourceUploader: Disabling Erasure Coding for path: /user/av2783/.staging/job_1648648882306_28875
22/04/22 11:52:27 INFO input.FileInputFormat: Total input files to process : 1
22/04/22 11:52:27 INFO mapreduce.JobSubmitter: number of splits:1
22/04/22 11:52:27 INFO Configuration.deprecation: yarn.resourcemanager.system-metrics-publisher.enabled is deprecated. Instead, use yarn.system-metrics-publisher.enabled
22/04/22 11:52:27 INFO mapreduce.JobSubmitter: Submitting tokens for job: job_1648648882306_28875
22/04/22 11:52:27 INFO mapreduce.JobSubmitter: Executing with tokens: []
22/04/22 11:52:28 INFO conf.Configuration: resource-types.xml not found
22/04/22 11:52:28 INFO resource.ResourceUtils: Unable to find 'resource-types.xml'.
22/04/22 11:52:28 INFO impl.YarnClientImpl: Submitted application application_1648648882306_28875
22/04/22 11:52:28 INFO mapreduce.Job: The url to track the job: http://horton.hpc.nyu.edu:8088/proxy/application_1648648882306_28875/
22/04/22 11:52:28 INFO mapreduce.Job: Running job: job_1648648882306_28875
22/04/22 11:52:33 INFO mapreduce.Job: Job job_1648648882306_28875 running in uber mode : false
22/04/22 11:52:33 INFO mapreduce.Job:  map 0% reduce 0%
22/04/22 11:52:38 INFO mapreduce.Job:  map 100% reduce 0%
22/04/22 11:52:43 INFO mapreduce.Job:  map 100% reduce 100%
22/04/22 11:52:43 INFO mapreduce.Job: Job job_1648648882306_28875 completed successfully
22/04/22 11:52:43 INFO mapreduce.Job: Counters: 54
	File System Counters
		FILE: Number of bytes read=125459
		FILE: Number of bytes written=693533
		FILE: Number of read operations=0
		FILE: Number of large read operations=0
		FILE: Number of write operations=0
		HDFS: Number of bytes read=46137245
		HDFS: Number of bytes written=116209
		HDFS: Number of read operations=8
		HDFS: Number of large read operations=0
		HDFS: Number of write operations=2
		HDFS: Number of bytes read erasure-coded=0
	Job Counters
		Launched map tasks=1
		Launched reduce tasks=1
		Rack-local map tasks=1
		Total time spent by all maps in occupied slots (ms)=13396
		Total time spent by all reduces in occupied slots (ms)=12396
		Total time spent by all map tasks (ms)=3349
		Total time spent by all reduce tasks (ms)=2066
		Total vcore-milliseconds taken by all map tasks=3349
		Total vcore-milliseconds taken by all reduce tasks=2066
		Total megabyte-milliseconds taken by all map tasks=13717504
		Total megabyte-milliseconds taken by all reduce tasks=12693504
	Map-Reduce Framework
		Map input records=4813
		Map output records=14238
		Map output bytes=161323
		Map output materialized bytes=125455
		Input split bytes=145
		Combine input records=0
		Combine output records=0
		Reduce input groups=5687
		Reduce shuffle bytes=125455
		Reduce input records=14238
		Reduce output records=5687
		Spilled Records=28476
		Shuffled Maps =1
		Failed Shuffles=0
		Merged Map outputs=1
		GC time elapsed (ms)=106
		CPU time spent (ms)=4450
		Physical memory (bytes) snapshot=1257414656
		Virtual memory (bytes) snapshot=7442092032
		Total committed heap usage (bytes)=2265972736
		Peak Map Physical memory (bytes)=844505088
		Peak Map Virtual memory (bytes)=3713191936
		Peak Reduce Physical memory (bytes)=412909568
		Peak Reduce Virtual memory (bytes)=3732975616
	Shuffle Errors
		BAD_ID=0
		CONNECTION=0
		IO_ERROR=0
		WRONG_LENGTH=0
		WRONG_MAP=0
		WRONG_REDUCE=0
	File Input Format Counters
		Bytes Read=46137100
	File Output Format Counters
		Bytes Written=116209
