WARNING: Use "yarn jar" to launch YARN applications.
Started main
22/04/22 11:51:16 INFO client.RMProxy: Connecting to ResourceManager at horton.hpc.nyu.edu/10.32.35.134:8032
22/04/22 11:51:17 WARN mapreduce.JobResourceUploader: Hadoop command-line option parsing not performed. Implement the Tool interface and execute your application with ToolRunner to remedy this.
22/04/22 11:51:17 INFO mapreduce.JobResourceUploader: Disabling Erasure Coding for path: /user/av2783/.staging/job_1648648882306_28873
22/04/22 11:51:17 INFO input.FileInputFormat: Total input files to process : 1
22/04/22 11:51:17 INFO mapreduce.JobSubmitter: number of splits:1
22/04/22 11:51:17 INFO Configuration.deprecation: yarn.resourcemanager.system-metrics-publisher.enabled is deprecated. Instead, use yarn.system-metrics-publisher.enabled
22/04/22 11:51:17 INFO mapreduce.JobSubmitter: Submitting tokens for job: job_1648648882306_28873
22/04/22 11:51:17 INFO mapreduce.JobSubmitter: Executing with tokens: []
22/04/22 11:51:17 INFO conf.Configuration: resource-types.xml not found
22/04/22 11:51:17 INFO resource.ResourceUtils: Unable to find 'resource-types.xml'.
22/04/22 11:51:18 INFO impl.YarnClientImpl: Submitted application application_1648648882306_28873
22/04/22 11:51:18 INFO mapreduce.Job: The url to track the job: http://horton.hpc.nyu.edu:8088/proxy/application_1648648882306_28873/
22/04/22 11:51:18 INFO mapreduce.Job: Running job: job_1648648882306_28873
22/04/22 11:51:23 INFO mapreduce.Job: Job job_1648648882306_28873 running in uber mode : false
22/04/22 11:51:23 INFO mapreduce.Job:  map 0% reduce 0%
22/04/22 11:51:27 INFO mapreduce.Job:  map 100% reduce 0%
22/04/22 11:51:28 INFO mapreduce.Job: Job job_1648648882306_28873 completed successfully
22/04/22 11:51:28 INFO mapreduce.Job: Counters: 46
	File System Counters
		FILE: Number of bytes read=0
		FILE: Number of bytes written=220989
		FILE: Number of read operations=0
		FILE: Number of large read operations=0
		FILE: Number of write operations=0
		HDFS: Number of bytes read=46137245
		HDFS: Number of bytes written=0
		HDFS: Number of read operations=7
		HDFS: Number of large read operations=0
		HDFS: Number of write operations=2
		HDFS: Number of bytes read erasure-coded=0
	Job Counters
		Launched map tasks=1
		Rack-local map tasks=1
		Total time spent by all maps in occupied slots (ms)=9388
		Total time spent by all reduces in occupied slots (ms)=0
		Total time spent by all map tasks (ms)=2347
		Total vcore-milliseconds taken by all map tasks=2347
		Total megabyte-milliseconds taken by all map tasks=9613312
	Map-Reduce Framework
		Map input records=4813
		Map output records=0
		Input split bytes=145
		Spilled Records=0
		Failed Shuffles=0
		Merged Map outputs=0
		GC time elapsed (ms)=70
		CPU time spent (ms)=2580
		Physical memory (bytes) snapshot=619806720
		Virtual memory (bytes) snapshot=3709448192
		Total committed heap usage (bytes)=1171259392
		Peak Map Physical memory (bytes)=619806720
		Peak Map Virtual memory (bytes)=3709448192
	Cast
		DUPLICATE=42
		NOT_NULL=4799
		UNIQUE=4757
	Crew
		DUPLICATE=27
		NOT_NULL=4799
		UNIQUE=4772
	Movie_id
		NOT_NULL=4799
		UNIQUE=4799
	Rows
		ROWS_WITH_MISSING_COLUMNS=14
		ROW_COUNT=4813
	Title
		DUPLICATE=3
		NOT_NULL=4799
		UNIQUE=4796
	File Input Format Counters
		Bytes Read=46137100
	File Output Format Counters
		Bytes Written=0
